<?xml version="1.0" encoding="UTF-8"?>
<!-- Generated by org.testng.reporters.JUnitReportReporter -->
<testsuite skipped="0" hostname="user" name="Scripts.TestLogin" tests="1" failures="0" timestamp="03 Dec 2017 08:14:05 GMT" time="30.617" errors="0">
  <testcase name="testLogin" time="30.617" classname="Scripts.TestLogin"/>
</testsuite> <!-- Scripts.TestLogin -->
