<?xml version="1.0" encoding="UTF-8"?>
<!-- Generated by org.testng.reporters.JUnitReportReporter -->
<testsuite skipped="0" hostname="user" name="Scripts.TestInvalidLogin" tests="1" failures="0" timestamp="03 Dec 2017 08:14:05 GMT" time="27.856" errors="0">
  <testcase name="testInvalidLogin" time="27.856" classname="Scripts.TestInvalidLogin"/>
</testsuite> <!-- Scripts.TestInvalidLogin -->
