<?xml version="1.0" encoding="UTF-8"?>
<!-- Generated by org.testng.reporters.JUnitReportReporter -->
<testsuite skipped="0" hostname="user" name="Scripts.TestLogin" tests="1" failures="0" timestamp="09 Dec 2017 06:05:29 GMT" time="42.471" errors="0">
  <testcase name="testLogin" time="42.471" classname="Scripts.TestLogin"/>
</testsuite> <!-- Scripts.TestLogin -->
